100 0.00972858
200 0.00479832
300 0.00316256
400 0.00234765
500 0.00186023
600 0.00153621
700 0.0013054
800 0.00113277
900 0.000998881
1000 0.000892078
1100 0.00080496
1200 0.000732594
1300 0.000671564
1400 0.000619434
1500 0.000574415
1600 0.000535167
1700 0.000500665
1800 0.000470113
CPU Jacobi: 5.14858 seconds, 1800 iterations
GPU:
diff: 0.009729, diffsum_d: 18.631838, sum_d:196859.747060
100 0.00972858
diff: 1.291755, diffsum_d: 20587072717.462616, sum_d:12337700672.133442
200 1.29176
diff: 1.291795, diffsum_d: 80863111275455791104.000000, sum_d:48457782411468570624.000000
300 1.29179
diff: 1.291794, diffsum_d: 1247405985684916347043193267257320931328.000000, sum_d:747517061073917860139089429298442928128.000000
400 1.29179
diff: 1.291794, diffsum_d: 296840374789391958117248121288369006174964854556854161716891129833968940089344.000000, sum_d:177883742036414468970873415879544493075695084969762966825792874851351861919744.000000
500 1.29179
diff: 1.291794, diffsum_d: 16809440815751819161896787045159920547810152313944306631160619728076488193425035889964699848489153654429039834405697753011502602343032599358563883243536384.000000, sum_d:10073179014030894435244200109787839160049562117958455225999317752342456768853204505920341310246632121157635621688771829875686237395970202847604995554017280.000000
600 1.29179
diff: 1.291794, diffsum_d: 53903114180983587288622384300126517046658023149500215218347503966770226902659444858105315170111670891902497003910321391066606023333526303989418597601739948255334707467213140118880198628530671311674868262104237412809214460202520456183002084030089135303497384576078430273520899758166850340378256323341803585536.000000, sum_d:32301831126350209839873675425597922420678276994114608160906179489611504073090212552853633212041401610555400393341827853023534660343442283886964223977854579745322701429443218290535121830889557578594598988972841626180837002769346332509551622391526404709688522675725562972596316510611177312037923885484194398208.000000
700 1.29179
diff: -nan, diffsum_d: inf, sum_d:inf
800 -nan
GPU Jacobi: 0.024712 seconds, 800 iterations
Average difference is 1.80647e+302
